{"/Users/harrisonfox/Documents/Code/jobSearch/IoCVideoLibrary/src/controllers/videoController.ts": {"path":"/Users/harrisonfox/Documents/Code/jobSearch/IoCVideoLibrary/src/controllers/videoController.ts","statementMap":{"0":{"start":{"line":7,"column":8},"end":{"line":7,"column":35}},"1":{"start":{"line":12,"column":23},"end":{"line":12,"column":56}},"2":{"start":{"line":13,"column":8},"end":{"line":13,"column":45}}},"fnMap":{"0":{"name":"(anonymous_0)","decl":{"start":{"line":6,"column":4},"end":{"line":6,"column":5}},"loc":{"start":{"line":6,"column":38},"end":{"line":8,"column":5}},"line":6},"1":{"name":"(anonymous_1)","decl":{"start":{"line":11,"column":4},"end":{"line":11,"column":5}},"loc":{"start":{"line":11,"column":50},"end":{"line":14,"column":5}},"line":11}},"branchMap":{},"s":{"0":1,"1":1,"2":1},"f":{"0":1,"1":1},"b":{},"_coverageSchema":"1a1c01bbd47fc00a2c39e90264f33305004495a9","hash":"8805bc2459886cf2accd7cb1f5cf0855ff8a33cb"}
,"/Users/harrisonfox/Documents/Code/jobSearch/IoCVideoLibrary/src/mocks/mock_videoRepo.ts": {"path":"/Users/harrisonfox/Documents/Code/jobSearch/IoCVideoLibrary/src/mocks/mock_videoRepo.ts","statementMap":{"0":{"start":{"line":5,"column":30},"end":{"line":5,"column":32}},"1":{"start":{"line":10,"column":8},"end":{"line":10,"column":26}}},"fnMap":{"0":{"name":"(anonymous_0)","decl":{"start":{"line":7,"column":4},"end":{"line":7,"column":5}},"loc":{"start":{"line":7,"column":17},"end":{"line":7,"column":19}},"line":7},"1":{"name":"(anonymous_1)","decl":{"start":{"line":9,"column":4},"end":{"line":9,"column":5}},"loc":{"start":{"line":9,"column":40},"end":{"line":11,"column":5}},"line":9}},"branchMap":{},"s":{"0":1,"1":1},"f":{"0":1,"1":1},"b":{},"_coverageSchema":"1a1c01bbd47fc00a2c39e90264f33305004495a9","hash":"a2380433e58ad85b6a2d27b2a2912a8eaede732d"}
}
