{"/Users/harrisonfox/Documents/Code/jobSearch/IoCVideoLibrary/src/controllers/videoController.ts": {"path":"/Users/harrisonfox/Documents/Code/jobSearch/IoCVideoLibrary/src/controllers/videoController.ts","statementMap":{"0":{"start":{"line":7,"column":8},"end":{"line":7,"column":35}},"1":{"start":{"line":11,"column":23},"end":{"line":11,"column":56}},"2":{"start":{"line":12,"column":8},"end":{"line":12,"column":45}}},"fnMap":{"0":{"name":"(anonymous_0)","decl":{"start":{"line":6,"column":4},"end":{"line":6,"column":5}},"loc":{"start":{"line":6,"column":38},"end":{"line":8,"column":5}},"line":6},"1":{"name":"(anonymous_1)","decl":{"start":{"line":10,"column":4},"end":{"line":10,"column":5}},"loc":{"start":{"line":10,"column":50},"end":{"line":13,"column":5}},"line":10}},"branchMap":{},"s":{"0":1,"1":1,"2":1},"f":{"0":1,"1":1},"b":{},"_coverageSchema":"1a1c01bbd47fc00a2c39e90264f33305004495a9","hash":"1f03c08c9510eab82577bbec734f0a3fefd73db7"}
,"/Users/harrisonfox/Documents/Code/jobSearch/IoCVideoLibrary/src/mocks/mock_videoRepo.ts": {"path":"/Users/harrisonfox/Documents/Code/jobSearch/IoCVideoLibrary/src/mocks/mock_videoRepo.ts","statementMap":{"0":{"start":{"line":4,"column":30},"end":{"line":4,"column":32}},"1":{"start":{"line":9,"column":8},"end":{"line":9,"column":26}}},"fnMap":{"0":{"name":"(anonymous_0)","decl":{"start":{"line":6,"column":4},"end":{"line":6,"column":5}},"loc":{"start":{"line":6,"column":17},"end":{"line":6,"column":19}},"line":6},"1":{"name":"(anonymous_1)","decl":{"start":{"line":8,"column":4},"end":{"line":8,"column":5}},"loc":{"start":{"line":8,"column":40},"end":{"line":10,"column":5}},"line":8}},"branchMap":{},"s":{"0":1,"1":1},"f":{"0":1,"1":1},"b":{},"_coverageSchema":"1a1c01bbd47fc00a2c39e90264f33305004495a9","hash":"0d86637b52aa49df975bb51a33501e3eac5981c8"}
}
